


ARM Macro Assembler    Page 1 


    1 00000000         ;/*!
    2 00000000         ;    \file    startup_gd32f450.s
    3 00000000         ;    \brief   start up file
    4 00000000         ;
    5 00000000         ;    \version 2016-08-15, V1.0.0, firmware for GD32F4xx
    6 00000000         ;    \version 2018-12-12, V2.0.0, firmware for GD32F4xx
    7 00000000         ;    \version 2020-09-30, V2.1.0, firmware for GD32F4xx
    8 00000000         ;*/
    9 00000000         ;
   10 00000000         ;/*
   11 00000000         ;    Copyright (c) 2020, GigaDevice Semiconductor Inc.
   12 00000000         ;
   13 00000000         ;    Redistribution and use in source and binary forms, 
                       with or without modification, 
   14 00000000         ;are permitted provided that the following conditions ar
                       e met:
   15 00000000         ;
   16 00000000         ;    1. Redistributions of source code must retain the a
                       bove copyright notice, this 
   17 00000000         ;       list of conditions and the following disclaimer.
                       
   18 00000000         ;    2. Redistributions in binary form must reproduce th
                       e above copyright notice, 
   19 00000000         ;       this list of conditions and the following discla
                       imer in the documentation 
   20 00000000         ;       and/or other materials provided with the distrib
                       ution.
   21 00000000         ;    3. Neither the name of the copyright holder nor the
                        names of its contributors 
   22 00000000         ;       may be used to endorse or promote products deriv
                       ed from this software without 
   23 00000000         ;       specific prior written permission.
   24 00000000         ;
   25 00000000         ;    THIS SOFTWARE IS PROVIDED BY THE COPYRIGHT HOLDERS 
                       AND CONTRIBUTORS "AS IS" 
   26 00000000         ;AND ANY EXPRESS OR IMPLIED WARRANTIES, INCLUDING, BUT N
                       OT LIMITED TO, THE IMPLIED 
   27 00000000         ;WARRANTIES OF MERCHANTABILITY AND FITNESS FOR A PARTICU
                       LAR PURPOSE ARE DISCLAIMED. 
   28 00000000         ;IN NO EVENT SHALL THE COPYRIGHT HOLDER OR CONTRIBUTORS 
                       BE LIABLE FOR ANY DIRECT, 
   29 00000000         ;INDIRECT, INCIDENTAL, SPECIAL, EXEMPLARY, OR CONSEQUENT
                       IAL DAMAGES (INCLUDING, BUT 
   30 00000000         ;NOT LIMITED TO, PROCUREMENT OF SUBSTITUTE GOODS OR SERV
                       ICES; LOSS OF USE, DATA, OR 
   31 00000000         ;PROFITS; OR BUSINESS INTERRUPTION) HOWEVER CAUSED AND O
                       N ANY THEORY OF LIABILITY, 
   32 00000000         ;WHETHER IN CONTRACT, STRICT LIABILITY, OR TORT (INCLUDI
                       NG NEGLIGENCE OR OTHERWISE) 
   33 00000000         ;ARISING IN ANY WAY OUT OF THE USE OF THIS SOFTWARE, EVE
                       N IF ADVISED OF THE POSSIBILITY 
   34 00000000         ;OF SUCH DAMAGE.
   35 00000000         ;*/
   36 00000000         
   37 00000000         ; <h> Stack Configuration
   38 00000000         ;   <o> Stack Size (in Bytes) <0x0-0xFFFFFFFF:8>
   39 00000000         ; </h>
   40 00000000         
   41 00000000 00000400 



ARM Macro Assembler    Page 2 


                       Stack_Size
                               EQU              0x00000400
   42 00000000         
   43 00000000         
   44 00000000                 AREA             STACK, NOINIT, READWRITE, ALIGN
=3
   45 00000000         Stack_Mem
                               SPACE            Stack_Size
   46 00000400         __initial_sp
   47 00000400         
   48 00000400         
   49 00000400         ; <h> Heap Configuration
   50 00000400         ;   <o>  Heap Size (in Bytes) <0x0-0xFFFFFFFF:8>
   51 00000400         ; </h>
   52 00000400         
   53 00000400 00000400 
                       Heap_Size
                               EQU              0x00000400
   54 00000400         
   55 00000400         
   56 00000400                 AREA             HEAP, NOINIT, READWRITE, ALIGN=
3
   57 00000000         __heap_base
   58 00000000         Heap_Mem
                               SPACE            Heap_Size
   59 00000400         __heap_limit
   60 00000400         
   61 00000400                 PRESERVE8
   62 00000400                 THUMB
   63 00000400         
   64 00000400         ;               /* reset Vector Mapped to at Address 0 *
                       /
   65 00000400                 AREA             RESET, DATA, READONLY
   66 00000000                 EXPORT           __Vectors
   67 00000000                 EXPORT           __Vectors_End
   68 00000000                 EXPORT           __Vectors_Size
   69 00000000         
   70 00000000 00000000 
                       __Vectors
                               DCD              __initial_sp ; Top of Stack
   71 00000004 00000000        DCD              Reset_Handler ; Reset Handler
   72 00000008 00000000        DCD              NMI_Handler ; NMI Handler
   73 0000000C 00000000        DCD              HardFault_Handler ; Hard Fault 
                                                            Handler
   74 00000010 00000000        DCD              MemManage_Handler 
                                                            ; MPU Fault Handler
                                                            
   75 00000014 00000000        DCD              BusFault_Handler 
                                                            ; Bus Fault Handler
                                                            
   76 00000018 00000000        DCD              UsageFault_Handler ; Usage Faul
                                                            t Handler
   77 0000001C 00000000        DCD              0           ; Reserved
   78 00000020 00000000        DCD              0           ; Reserved
   79 00000024 00000000        DCD              0           ; Reserved
   80 00000028 00000000        DCD              0           ; Reserved
   81 0000002C 00000000        DCD              SVC_Handler ; SVCall Handler
   82 00000030 00000000        DCD              DebugMon_Handler ; Debug Monito
                                                            r Handler



ARM Macro Assembler    Page 3 


   83 00000034 00000000        DCD              0           ; Reserved
   84 00000038 00000000        DCD              PendSV_Handler ; PendSV Handler
                                                            
   85 0000003C 00000000        DCD              SysTick_Handler 
                                                            ; SysTick Handler
   86 00000040         
   87 00000040         ;               /* external interrupts handler */
   88 00000040 00000000        DCD              WWDGT_IRQHandler ; 16:Window Wa
                                                            tchdog Timer
   89 00000044 00000000        DCD              LVD_IRQHandler ; 17:LVD through
                                                             EXTI Line detect
   90 00000048 00000000        DCD              TAMPER_STAMP_IRQHandler ; 18:Ta
                                                            mper and TimeStamp 
                                                            through EXTI Line d
                                                            etect
   91 0000004C 00000000        DCD              RTC_WKUP_IRQHandler ; 19:RTC Wa
                                                            keup through EXTI L
                                                            ine
   92 00000050 00000000        DCD              FMC_IRQHandler ; 20:FMC
   93 00000054 00000000        DCD              RCU_CTC_IRQHandler 
                                                            ; 21:RCU and CTC
   94 00000058 00000000        DCD              EXTI0_IRQHandler 
                                                            ; 22:EXTI Line 0
   95 0000005C 00000000        DCD              EXTI1_IRQHandler 
                                                            ; 23:EXTI Line 1
   96 00000060 00000000        DCD              EXTI2_IRQHandler 
                                                            ; 24:EXTI Line 2
   97 00000064 00000000        DCD              EXTI3_IRQHandler 
                                                            ; 25:EXTI Line 3
   98 00000068 00000000        DCD              EXTI4_IRQHandler 
                                                            ; 26:EXTI Line 4
   99 0000006C 00000000        DCD              DMA0_Channel0_IRQHandler 
                                                            ; 27:DMA0 Channel0
  100 00000070 00000000        DCD              DMA0_Channel1_IRQHandler 
                                                            ; 28:DMA0 Channel1
  101 00000074 00000000        DCD              DMA0_Channel2_IRQHandler 
                                                            ; 29:DMA0 Channel2
  102 00000078 00000000        DCD              DMA0_Channel3_IRQHandler 
                                                            ; 30:DMA0 Channel3
  103 0000007C 00000000        DCD              DMA0_Channel4_IRQHandler 
                                                            ; 31:DMA0 Channel4
  104 00000080 00000000        DCD              DMA0_Channel5_IRQHandler 
                                                            ; 32:DMA0 Channel5
  105 00000084 00000000        DCD              DMA0_Channel6_IRQHandler 
                                                            ; 33:DMA0 Channel6
  106 00000088 00000000        DCD              ADC_IRQHandler ; 34:ADC
  107 0000008C 00000000        DCD              CAN0_TX_IRQHandler ; 35:CAN0 TX
                                                            
  108 00000090 00000000        DCD              CAN0_RX0_IRQHandler 
                                                            ; 36:CAN0 RX0
  109 00000094 00000000        DCD              CAN0_RX1_IRQHandler 
                                                            ; 37:CAN0 RX1
  110 00000098 00000000        DCD              CAN0_EWMC_IRQHandler 
                                                            ; 38:CAN0 EWMC
  111 0000009C 00000000        DCD              EXTI5_9_IRQHandler 
                                                            ; 39:EXTI5 to EXTI9
                                                            
  112 000000A0 00000000        DCD              TIMER0_BRK_TIMER8_IRQHandler ; 
                                                            40:TIMER0 Break and



ARM Macro Assembler    Page 4 


                                                             TIMER8
  113 000000A4 00000000        DCD              TIMER0_UP_TIMER9_IRQHandler ; 4
                                                            1:TIMER0 Update and
                                                             TIMER9
  114 000000A8 00000000        DCD              TIMER0_TRG_CMT_TIMER10_IRQHandl
er 
                                                            ; 42:TIMER0 Trigger
                                                             and Commutation an
                                                            d TIMER10
  115 000000AC 00000000        DCD              TIMER0_Channel_IRQHandler ; 43:
                                                            TIMER0 Capture Comp
                                                            are
  116 000000B0 00000000        DCD              TIMER1_IRQHandler ; 44:TIMER1
  117 000000B4 00000000        DCD              TIMER2_IRQHandler ; 45:TIMER2
  118 000000B8 00000000        DCD              TIMER3_IRQHandler ; 46:TIMER3
  119 000000BC 00000000        DCD              I2C0_EV_IRQHandler 
                                                            ; 47:I2C0 Event
  120 000000C0 00000000        DCD              I2C0_ER_IRQHandler 
                                                            ; 48:I2C0 Error
  121 000000C4 00000000        DCD              I2C1_EV_IRQHandler 
                                                            ; 49:I2C1 Event
  122 000000C8 00000000        DCD              I2C1_ER_IRQHandler 
                                                            ; 50:I2C1 Error
  123 000000CC 00000000        DCD              SPI0_IRQHandler ; 51:SPI0
  124 000000D0 00000000        DCD              SPI1_IRQHandler ; 52:SPI1
  125 000000D4 00000000        DCD              USART0_IRQHandler ; 53:USART0
  126 000000D8 00000000        DCD              USART1_IRQHandler ; 54:USART1
  127 000000DC 00000000        DCD              USART2_IRQHandler ; 55:USART2
  128 000000E0 00000000        DCD              EXTI10_15_IRQHandler ; 56:EXTI1
                                                            0 to EXTI15
  129 000000E4 00000000        DCD              RTC_Alarm_IRQHandler 
                                                            ; 57:RTC Alarm
  130 000000E8 00000000        DCD              USBFS_WKUP_IRQHandler 
                                                            ; 58:USBFS Wakeup
  131 000000EC 00000000        DCD              TIMER7_BRK_TIMER11_IRQHandler ;
                                                             59:TIMER7 Break an
                                                            d TIMER11
  132 000000F0 00000000        DCD              TIMER7_UP_TIMER12_IRQHandler ; 
                                                            60:TIMER7 Update an
                                                            d TIMER12
  133 000000F4 00000000        DCD              TIMER7_TRG_CMT_TIMER13_IRQHandl
er 
                                                            ; 61:TIMER7 Trigger
                                                             and Commutation an
                                                            d TIMER13
  134 000000F8 00000000        DCD              TIMER7_Channel_IRQHandler ; 62:
                                                            TIMER7 Channel Capt
                                                            ure Compare
  135 000000FC 00000000        DCD              DMA0_Channel7_IRQHandler 
                                                            ; 63:DMA0 Channel7
  136 00000100 00000000        DCD              EXMC_IRQHandler ; 64:EXMC
  137 00000104 00000000        DCD              SDIO_IRQHandler ; 65:SDIO
  138 00000108 00000000        DCD              TIMER4_IRQHandler ; 66:TIMER4
  139 0000010C 00000000        DCD              SPI2_IRQHandler ; 67:SPI2
  140 00000110 00000000        DCD              UART3_IRQHandler ; 68:UART3
  141 00000114 00000000        DCD              UART4_IRQHandler ; 69:UART4
  142 00000118 00000000        DCD              TIMER5_DAC_IRQHandler ; 70:TIME
                                                            R5 and DAC0 DAC1 Un
                                                            derrun error



ARM Macro Assembler    Page 5 


  143 0000011C 00000000        DCD              TIMER6_IRQHandler ; 71:TIMER6
  144 00000120 00000000        DCD              DMA1_Channel0_IRQHandler 
                                                            ; 72:DMA1 Channel0
  145 00000124 00000000        DCD              DMA1_Channel1_IRQHandler 
                                                            ; 73:DMA1 Channel1
  146 00000128 00000000        DCD              DMA1_Channel2_IRQHandler 
                                                            ; 74:DMA1 Channel2
  147 0000012C 00000000        DCD              DMA1_Channel3_IRQHandler 
                                                            ; 75:DMA1 Channel3
  148 00000130 00000000        DCD              DMA1_Channel4_IRQHandler 
                                                            ; 76:DMA1 Channel4
  149 00000134 00000000        DCD              ENET_IRQHandler ; 77:Ethernet
  150 00000138 00000000        DCD              ENET_WKUP_IRQHandler ; 78:Ether
                                                            net Wakeup through 
                                                            EXTI Line
  151 0000013C 00000000        DCD              CAN1_TX_IRQHandler ; 79:CAN1 TX
                                                            
  152 00000140 00000000        DCD              CAN1_RX0_IRQHandler 
                                                            ; 80:CAN1 RX0
  153 00000144 00000000        DCD              CAN1_RX1_IRQHandler 
                                                            ; 81:CAN1 RX1
  154 00000148 00000000        DCD              CAN1_EWMC_IRQHandler 
                                                            ; 82:CAN1 EWMC
  155 0000014C 00000000        DCD              USBFS_IRQHandler ; 83:USBFS
  156 00000150 00000000        DCD              DMA1_Channel5_IRQHandler 
                                                            ; 84:DMA1 Channel5
  157 00000154 00000000        DCD              DMA1_Channel6_IRQHandler 
                                                            ; 85:DMA1 Channel6
  158 00000158 00000000        DCD              DMA1_Channel7_IRQHandler 
                                                            ; 86:DMA1 Channel7
  159 0000015C 00000000        DCD              USART5_IRQHandler ; 87:USART5
  160 00000160 00000000        DCD              I2C2_EV_IRQHandler 
                                                            ; 88:I2C2 Event
  161 00000164 00000000        DCD              I2C2_ER_IRQHandler 
                                                            ; 89:I2C2 Error
  162 00000168 00000000        DCD              USBHS_EP1_Out_IRQHandler ; 90:U
                                                            SBHS Endpoint 1 Out
                                                             
  163 0000016C 00000000        DCD              USBHS_EP1_In_IRQHandler ; 91:US
                                                            BHS Endpoint 1 in
  164 00000170 00000000        DCD              USBHS_WKUP_IRQHandler ; 92:USBH
                                                            S Wakeup through EX
                                                            TI Line
  165 00000174 00000000        DCD              USBHS_IRQHandler ; 93:USBHS
  166 00000178 00000000        DCD              DCI_IRQHandler ; 94:DCI
  167 0000017C 00000000        DCD              0           ; 95:Reserved
  168 00000180 00000000        DCD              TRNG_IRQHandler ; 96:TRNG
  169 00000184 00000000        DCD              FPU_IRQHandler ; 97:FPU
  170 00000188 00000000        DCD              UART6_IRQHandler ; 98:UART6
  171 0000018C 00000000        DCD              UART7_IRQHandler ; 99:UART7
  172 00000190 00000000        DCD              SPI3_IRQHandler ; 100:SPI3
  173 00000194 00000000        DCD              SPI4_IRQHandler ; 101:SPI4
  174 00000198 00000000        DCD              SPI5_IRQHandler ; 102:SPI5
  175 0000019C 00000000        DCD              0           ; 103:Reserved
  176 000001A0 00000000        DCD              TLI_IRQHandler ; 104:TLI
  177 000001A4 00000000        DCD              TLI_ER_IRQHandler 
                                                            ; 105:TLI Error
  178 000001A8 00000000        DCD              IPA_IRQHandler ; 106:IPA
  179 000001AC         



ARM Macro Assembler    Page 6 


  180 000001AC         __Vectors_End
  181 000001AC         
  182 000001AC 000001AC 
                       __Vectors_Size
                               EQU              __Vectors_End - __Vectors
  183 000001AC         
  184 000001AC                 AREA             |.text|, CODE, READONLY
  185 00000000         
  186 00000000         ;/* reset Handler */
  187 00000000         Reset_Handler
                               PROC
  188 00000000                 EXPORT           Reset_Handler                  
   [WEAK]
  189 00000000                 IMPORT           SystemInit
  190 00000000                 IMPORT           __main
  191 00000000 4806            LDR              R0, =SystemInit
  192 00000002 4780            BLX              R0
  193 00000004 4806            LDR              R0, =__main
  194 00000006 4700            BX               R0
  195 00000008                 ENDP
  196 00000008         
  197 00000008         ;/* dummy Exception Handlers */
  198 00000008         NMI_Handler
                               PROC
  199 00000008                 EXPORT           NMI_Handler                    
   [WEAK]
  200 00000008 E7FE            B                .
  201 0000000A                 ENDP
  203 0000000A         HardFault_Handler
                               PROC
  204 0000000A                 EXPORT           HardFault_Handler              
   [WEAK]
  205 0000000A E7FE            B                .
  206 0000000C                 ENDP
  208 0000000C         MemManage_Handler
                               PROC
  209 0000000C                 EXPORT           MemManage_Handler              
   [WEAK]
  210 0000000C E7FE            B                .
  211 0000000E                 ENDP
  213 0000000E         BusFault_Handler
                               PROC
  214 0000000E                 EXPORT           BusFault_Handler               
   [WEAK]
  215 0000000E E7FE            B                .
  216 00000010                 ENDP
  218 00000010         UsageFault_Handler
                               PROC
  219 00000010                 EXPORT           UsageFault_Handler             
   [WEAK]
  220 00000010 E7FE            B                .
  221 00000012                 ENDP
  222 00000012         SVC_Handler
                               PROC
  223 00000012                 EXPORT           SVC_Handler                    
   [WEAK]
  224 00000012 E7FE            B                .
  225 00000014                 ENDP
  227 00000014         DebugMon_Handler



ARM Macro Assembler    Page 7 


                               PROC
  228 00000014                 EXPORT           DebugMon_Handler               
   [WEAK]
  229 00000014 E7FE            B                .
  230 00000016                 ENDP
  232 00000016         PendSV_Handler
                               PROC
  233 00000016                 EXPORT           PendSV_Handler                 
   [WEAK]
  234 00000016 E7FE            B                .
  235 00000018                 ENDP
  237 00000018         SysTick_Handler
                               PROC
  238 00000018                 EXPORT           SysTick_Handler                
   [WEAK]
  239 00000018 E7FE            B                .
  240 0000001A                 ENDP
  241 0000001A         
  242 0000001A         Default_Handler
                               PROC
  243 0000001A         ;               /* external interrupts handler */
  244 0000001A                 EXPORT           WWDGT_IRQHandler               
   [WEAK]
  245 0000001A                 EXPORT           LVD_IRQHandler                 
   [WEAK]
  246 0000001A                 EXPORT           TAMPER_STAMP_IRQHandler        
   [WEAK]
  247 0000001A                 EXPORT           RTC_WKUP_IRQHandler            
   [WEAK]
  248 0000001A                 EXPORT           FMC_IRQHandler                 
   [WEAK]
  249 0000001A                 EXPORT           RCU_CTC_IRQHandler             
   [WEAK]
  250 0000001A                 EXPORT           EXTI0_IRQHandler               
   [WEAK]
  251 0000001A                 EXPORT           EXTI1_IRQHandler               
   [WEAK]
  252 0000001A                 EXPORT           EXTI2_IRQHandler               
   [WEAK]
  253 0000001A                 EXPORT           EXTI3_IRQHandler               
   [WEAK]
  254 0000001A                 EXPORT           EXTI4_IRQHandler               
   [WEAK]
  255 0000001A                 EXPORT           DMA0_Channel0_IRQHandler       
   [WEAK]
  256 0000001A                 EXPORT           DMA0_Channel1_IRQHandler       
   [WEAK]
  257 0000001A                 EXPORT           DMA0_Channel2_IRQHandler       
   [WEAK]
  258 0000001A                 EXPORT           DMA0_Channel3_IRQHandler       
   [WEAK]
  259 0000001A                 EXPORT           DMA0_Channel4_IRQHandler       
   [WEAK]
  260 0000001A                 EXPORT           DMA0_Channel5_IRQHandler       
   [WEAK]
  261 0000001A                 EXPORT           DMA0_Channel6_IRQHandler       
   [WEAK]
  262 0000001A                 EXPORT           ADC_IRQHandler                 
   [WEAK]



ARM Macro Assembler    Page 8 


  263 0000001A                 EXPORT           CAN0_TX_IRQHandler             
   [WEAK]
  264 0000001A                 EXPORT           CAN0_RX0_IRQHandler            
   [WEAK]
  265 0000001A                 EXPORT           CAN0_RX1_IRQHandler            
   [WEAK]
  266 0000001A                 EXPORT           CAN0_EWMC_IRQHandler           
   [WEAK]
  267 0000001A                 EXPORT           EXTI5_9_IRQHandler             
   [WEAK]
  268 0000001A                 EXPORT           TIMER0_BRK_TIMER8_IRQHandler   
   [WEAK]
  269 0000001A                 EXPORT           TIMER0_UP_TIMER9_IRQHandler    
   [WEAK]
  270 0000001A                 EXPORT           TIMER0_TRG_CMT_TIMER10_IRQHandl
er [WEAK]
  271 0000001A                 EXPORT           TIMER0_Channel_IRQHandler      
   [WEAK]
  272 0000001A                 EXPORT           TIMER1_IRQHandler              
   [WEAK]
  273 0000001A                 EXPORT           TIMER2_IRQHandler              
   [WEAK]
  274 0000001A                 EXPORT           TIMER3_IRQHandler              
   [WEAK]
  275 0000001A                 EXPORT           I2C0_EV_IRQHandler             
   [WEAK]
  276 0000001A                 EXPORT           I2C0_ER_IRQHandler             
   [WEAK]
  277 0000001A                 EXPORT           I2C1_EV_IRQHandler             
   [WEAK]
  278 0000001A                 EXPORT           I2C1_ER_IRQHandler             
   [WEAK]
  279 0000001A                 EXPORT           SPI0_IRQHandler                
   [WEAK]
  280 0000001A                 EXPORT           SPI1_IRQHandler                
   [WEAK]
  281 0000001A                 EXPORT           USART0_IRQHandler              
   [WEAK]
  282 0000001A                 EXPORT           USART1_IRQHandler              
   [WEAK]
  283 0000001A                 EXPORT           USART2_IRQHandler              
   [WEAK]
  284 0000001A                 EXPORT           EXTI10_15_IRQHandler           
   [WEAK]
  285 0000001A                 EXPORT           RTC_Alarm_IRQHandler           
   [WEAK]
  286 0000001A                 EXPORT           USBFS_WKUP_IRQHandler          
   [WEAK]
  287 0000001A                 EXPORT           TIMER7_BRK_TIMER11_IRQHandler  
   [WEAK]
  288 0000001A                 EXPORT           TIMER7_UP_TIMER12_IRQHandler   
   [WEAK]
  289 0000001A                 EXPORT           TIMER7_TRG_CMT_TIMER13_IRQHandl
er [WEAK]
  290 0000001A                 EXPORT           TIMER7_Channel_IRQHandler      
   [WEAK]
  291 0000001A                 EXPORT           DMA0_Channel7_IRQHandler       
   [WEAK]
  292 0000001A                 EXPORT           EXMC_IRQHandler                



ARM Macro Assembler    Page 9 


   [WEAK]
  293 0000001A                 EXPORT           SDIO_IRQHandler                
   [WEAK]
  294 0000001A                 EXPORT           TIMER4_IRQHandler              
   [WEAK]
  295 0000001A                 EXPORT           SPI2_IRQHandler                
   [WEAK]
  296 0000001A                 EXPORT           UART3_IRQHandler               
   [WEAK]
  297 0000001A                 EXPORT           UART4_IRQHandler               
   [WEAK]
  298 0000001A                 EXPORT           TIMER5_DAC_IRQHandler          
   [WEAK]
  299 0000001A                 EXPORT           TIMER6_IRQHandler              
   [WEAK]
  300 0000001A                 EXPORT           DMA1_Channel0_IRQHandler       
   [WEAK]
  301 0000001A                 EXPORT           DMA1_Channel1_IRQHandler       
   [WEAK]
  302 0000001A                 EXPORT           DMA1_Channel2_IRQHandler       
   [WEAK]
  303 0000001A                 EXPORT           DMA1_Channel3_IRQHandler       
   [WEAK]
  304 0000001A                 EXPORT           DMA1_Channel4_IRQHandler       
   [WEAK]
  305 0000001A                 EXPORT           ENET_IRQHandler                
   [WEAK]
  306 0000001A                 EXPORT           ENET_WKUP_IRQHandler           
   [WEAK]
  307 0000001A                 EXPORT           CAN1_TX_IRQHandler             
   [WEAK]
  308 0000001A                 EXPORT           CAN1_RX0_IRQHandler            
   [WEAK]
  309 0000001A                 EXPORT           CAN1_RX1_IRQHandler            
   [WEAK]
  310 0000001A                 EXPORT           CAN1_EWMC_IRQHandler           
   [WEAK]
  311 0000001A                 EXPORT           USBFS_IRQHandler               
   [WEAK]
  312 0000001A                 EXPORT           DMA1_Channel5_IRQHandler       
   [WEAK]
  313 0000001A                 EXPORT           DMA1_Channel6_IRQHandler       
   [WEAK]
  314 0000001A                 EXPORT           DMA1_Channel7_IRQHandler       
   [WEAK]
  315 0000001A                 EXPORT           USART5_IRQHandler              
   [WEAK]
  316 0000001A                 EXPORT           I2C2_EV_IRQHandler             
   [WEAK]
  317 0000001A                 EXPORT           I2C2_ER_IRQHandler             
   [WEAK]
  318 0000001A                 EXPORT           USBHS_EP1_Out_IRQHandler       
   [WEAK]
  319 0000001A                 EXPORT           USBHS_EP1_In_IRQHandler        
   [WEAK]
  320 0000001A                 EXPORT           USBHS_WKUP_IRQHandler          
   [WEAK]
  321 0000001A                 EXPORT           USBHS_IRQHandler               
   [WEAK]



ARM Macro Assembler    Page 10 


  322 0000001A                 EXPORT           DCI_IRQHandler                 
   [WEAK]
  323 0000001A                 EXPORT           TRNG_IRQHandler                
   [WEAK]
  324 0000001A                 EXPORT           FPU_IRQHandler                 
   [WEAK]
  325 0000001A                 EXPORT           UART6_IRQHandler               
   [WEAK]
  326 0000001A                 EXPORT           UART7_IRQHandler               
   [WEAK]
  327 0000001A                 EXPORT           SPI3_IRQHandler                
   [WEAK]
  328 0000001A                 EXPORT           SPI4_IRQHandler                
   [WEAK]
  329 0000001A                 EXPORT           SPI5_IRQHandler                
   [WEAK]
  330 0000001A                 EXPORT           TLI_IRQHandler                 
   [WEAK]
  331 0000001A                 EXPORT           TLI_ER_IRQHandler              
   [WEAK]
  332 0000001A                 EXPORT           IPA_IRQHandler                 
   [WEAK]
  333 0000001A         
  334 0000001A         ;/* external interrupts handler */
  335 0000001A         WWDGT_IRQHandler
  336 0000001A         LVD_IRQHandler
  337 0000001A         TAMPER_STAMP_IRQHandler
  338 0000001A         RTC_WKUP_IRQHandler
  339 0000001A         FMC_IRQHandler
  340 0000001A         RCU_CTC_IRQHandler
  341 0000001A         EXTI0_IRQHandler
  342 0000001A         EXTI1_IRQHandler
  343 0000001A         EXTI2_IRQHandler
  344 0000001A         EXTI3_IRQHandler
  345 0000001A         EXTI4_IRQHandler
  346 0000001A         DMA0_Channel0_IRQHandler
  347 0000001A         DMA0_Channel1_IRQHandler
  348 0000001A         DMA0_Channel2_IRQHandler
  349 0000001A         DMA0_Channel3_IRQHandler
  350 0000001A         DMA0_Channel4_IRQHandler
  351 0000001A         DMA0_Channel5_IRQHandler
  352 0000001A         DMA0_Channel6_IRQHandler
  353 0000001A         ADC_IRQHandler
  354 0000001A         CAN0_TX_IRQHandler
  355 0000001A         CAN0_RX0_IRQHandler
  356 0000001A         CAN0_RX1_IRQHandler
  357 0000001A         CAN0_EWMC_IRQHandler
  358 0000001A         EXTI5_9_IRQHandler
  359 0000001A         TIMER0_BRK_TIMER8_IRQHandler
  360 0000001A         TIMER0_UP_TIMER9_IRQHandler
  361 0000001A         TIMER0_TRG_CMT_TIMER10_IRQHandler
  362 0000001A         TIMER0_Channel_IRQHandler
  363 0000001A         TIMER1_IRQHandler
  364 0000001A         TIMER2_IRQHandler
  365 0000001A         TIMER3_IRQHandler
  366 0000001A         I2C0_EV_IRQHandler
  367 0000001A         I2C0_ER_IRQHandler
  368 0000001A         I2C1_EV_IRQHandler
  369 0000001A         I2C1_ER_IRQHandler



ARM Macro Assembler    Page 11 


  370 0000001A         SPI0_IRQHandler
  371 0000001A         SPI1_IRQHandler
  372 0000001A         USART0_IRQHandler
  373 0000001A         USART1_IRQHandler
  374 0000001A         USART2_IRQHandler
  375 0000001A         EXTI10_15_IRQHandler
  376 0000001A         RTC_Alarm_IRQHandler
  377 0000001A         USBFS_WKUP_IRQHandler
  378 0000001A         TIMER7_BRK_TIMER11_IRQHandler
  379 0000001A         TIMER7_UP_TIMER12_IRQHandler
  380 0000001A         TIMER7_TRG_CMT_TIMER13_IRQHandler
  381 0000001A         TIMER7_Channel_IRQHandler
  382 0000001A         DMA0_Channel7_IRQHandler
  383 0000001A         EXMC_IRQHandler
  384 0000001A         SDIO_IRQHandler
  385 0000001A         TIMER4_IRQHandler
  386 0000001A         SPI2_IRQHandler
  387 0000001A         UART3_IRQHandler
  388 0000001A         UART4_IRQHandler
  389 0000001A         TIMER5_DAC_IRQHandler
  390 0000001A         TIMER6_IRQHandler
  391 0000001A         DMA1_Channel0_IRQHandler
  392 0000001A         DMA1_Channel1_IRQHandler
  393 0000001A         DMA1_Channel2_IRQHandler
  394 0000001A         DMA1_Channel3_IRQHandler
  395 0000001A         DMA1_Channel4_IRQHandler
  396 0000001A         ENET_IRQHandler
  397 0000001A         ENET_WKUP_IRQHandler
  398 0000001A         CAN1_TX_IRQHandler
  399 0000001A         CAN1_RX0_IRQHandler
  400 0000001A         CAN1_RX1_IRQHandler
  401 0000001A         CAN1_EWMC_IRQHandler
  402 0000001A         USBFS_IRQHandler
  403 0000001A         DMA1_Channel5_IRQHandler
  404 0000001A         DMA1_Channel6_IRQHandler
  405 0000001A         DMA1_Channel7_IRQHandler
  406 0000001A         USART5_IRQHandler
  407 0000001A         I2C2_EV_IRQHandler
  408 0000001A         I2C2_ER_IRQHandler
  409 0000001A         USBHS_EP1_Out_IRQHandler
  410 0000001A         USBHS_EP1_In_IRQHandler
  411 0000001A         USBHS_WKUP_IRQHandler
  412 0000001A         USBHS_IRQHandler
  413 0000001A         DCI_IRQHandler
  414 0000001A         TRNG_IRQHandler
  415 0000001A         FPU_IRQHandler
  416 0000001A         UART6_IRQHandler
  417 0000001A         UART7_IRQHandler
  418 0000001A         SPI3_IRQHandler
  419 0000001A         SPI4_IRQHandler
  420 0000001A         SPI5_IRQHandler
  421 0000001A         TLI_IRQHandler
  422 0000001A         TLI_ER_IRQHandler
  423 0000001A         IPA_IRQHandler
  424 0000001A         
  425 0000001A E7FE            B                .
  426 0000001C                 ENDP
  427 0000001C         
  428 0000001C                 ALIGN



ARM Macro Assembler    Page 12 


  429 0000001C         
  430 0000001C         ; user Initial Stack & Heap
  431 0000001C         
  432 0000001C                 IF               :DEF:__MICROLIB
  433 0000001C         
  434 0000001C                 EXPORT           __initial_sp
  435 0000001C                 EXPORT           __heap_base
  436 0000001C                 EXPORT           __heap_limit
  437 0000001C         
  438 0000001C                 ELSE
  453                          ENDIF
  454 0000001C         
  455 0000001C                 END
              00000000 
              00000000 
Command Line: --debug --xref --diag_suppress=9931,A1950W --cpu=Cortex-M4.fp.sp 
--depend=.\objects\startup_gd32f470.d -o.\objects\startup_gd32f470.o -IE:\Keil_
v5\ARM\Packs\GigaDevice\GD32F4xx_DFP\3.2.0\Device\F4XX\Include --predefine="__E
VAL SETA 1" --predefine="__MICROLIB SETA 1" --predefine="__UVISION_VERSION SETA
 542" --predefine="GD32F450 SETA 1" --list=.\listings\startup_gd32f470.lst ..\.
.\..\Library\Firmware\CMSIS\GD\GD32F4xx\Source\ARM\startup_gd32f470.s



ARM Macro Assembler    Page 1 Alphabetic symbol ordering
Relocatable symbols

STACK 00000000

Symbol: STACK
   Definitions
      At line 44 in file ..\..\..\Library\Firmware\CMSIS\GD\GD32F4xx\Source\ARM
\startup_gd32f470.s
   Uses
      None
Comment: STACK unused
Stack_Mem 00000000

Symbol: Stack_Mem
   Definitions
      At line 45 in file ..\..\..\Library\Firmware\CMSIS\GD\GD32F4xx\Source\ARM
\startup_gd32f470.s
   Uses
      None
Comment: Stack_Mem unused
__initial_sp 00000400

Symbol: __initial_sp
   Definitions
      At line 46 in file ..\..\..\Library\Firmware\CMSIS\GD\GD32F4xx\Source\ARM
\startup_gd32f470.s
   Uses
      At line 70 in file ..\..\..\Library\Firmware\CMSIS\GD\GD32F4xx\Source\ARM
\startup_gd32f470.s
      At line 434 in file ..\..\..\Library\Firmware\CMSIS\GD\GD32F4xx\Source\AR
M\startup_gd32f470.s

3 symbols



ARM Macro Assembler    Page 1 Alphabetic symbol ordering
Relocatable symbols

HEAP 00000000

Symbol: HEAP
   Definitions
      At line 56 in file ..\..\..\Library\Firmware\CMSIS\GD\GD32F4xx\Source\ARM
\startup_gd32f470.s
   Uses
      None
Comment: HEAP unused
Heap_Mem 00000000

Symbol: Heap_Mem
   Definitions
      At line 58 in file ..\..\..\Library\Firmware\CMSIS\GD\GD32F4xx\Source\ARM
\startup_gd32f470.s
   Uses
      None
Comment: Heap_Mem unused
__heap_base 00000000

Symbol: __heap_base
   Definitions
      At line 57 in file ..\..\..\Library\Firmware\CMSIS\GD\GD32F4xx\Source\ARM
\startup_gd32f470.s
   Uses
      At line 435 in file ..\..\..\Library\Firmware\CMSIS\GD\GD32F4xx\Source\AR
M\startup_gd32f470.s
Comment: __heap_base used once
__heap_limit 00000400

Symbol: __heap_limit
   Definitions
      At line 59 in file ..\..\..\Library\Firmware\CMSIS\GD\GD32F4xx\Source\ARM
\startup_gd32f470.s
   Uses
      At line 436 in file ..\..\..\Library\Firmware\CMSIS\GD\GD32F4xx\Source\AR
M\startup_gd32f470.s
Comment: __heap_limit used once
4 symbols



ARM Macro Assembler    Page 1 Alphabetic symbol ordering
Relocatable symbols

RESET 00000000

Symbol: RESET
   Definitions
      At line 65 in file ..\..\..\Library\Firmware\CMSIS\GD\GD32F4xx\Source\ARM
\startup_gd32f470.s
   Uses
      None
Comment: RESET unused
__Vectors 00000000

Symbol: __Vectors
   Definitions
      At line 70 in file ..\..\..\Library\Firmware\CMSIS\GD\GD32F4xx\Source\ARM
\startup_gd32f470.s
   Uses
      At line 66 in file ..\..\..\Library\Firmware\CMSIS\GD\GD32F4xx\Source\ARM
\startup_gd32f470.s
      At line 182 in file ..\..\..\Library\Firmware\CMSIS\GD\GD32F4xx\Source\AR
M\startup_gd32f470.s

__Vectors_End 000001AC

Symbol: __Vectors_End
   Definitions
      At line 180 in file ..\..\..\Library\Firmware\CMSIS\GD\GD32F4xx\Source\AR
M\startup_gd32f470.s
   Uses
      At line 67 in file ..\..\..\Library\Firmware\CMSIS\GD\GD32F4xx\Source\ARM
\startup_gd32f470.s
      At line 182 in file ..\..\..\Library\Firmware\CMSIS\GD\GD32F4xx\Source\AR
M\startup_gd32f470.s

3 symbols



ARM Macro Assembler    Page 1 Alphabetic symbol ordering
Relocatable symbols

.text 00000000

Symbol: .text
   Definitions
      At line 184 in file ..\..\..\Library\Firmware\CMSIS\GD\GD32F4xx\Source\AR
M\startup_gd32f470.s
   Uses
      None
Comment: .text unused
ADC_IRQHandler 0000001A

Symbol: ADC_IRQHandler
   Definitions
      At line 353 in file ..\..\..\Library\Firmware\CMSIS\GD\GD32F4xx\Source\AR
M\startup_gd32f470.s
   Uses
      At line 106 in file ..\..\..\Library\Firmware\CMSIS\GD\GD32F4xx\Source\AR
M\startup_gd32f470.s
      At line 262 in file ..\..\..\Library\Firmware\CMSIS\GD\GD32F4xx\Source\AR
M\startup_gd32f470.s

BusFault_Handler 0000000E

Symbol: BusFault_Handler
   Definitions
      At line 213 in file ..\..\..\Library\Firmware\CMSIS\GD\GD32F4xx\Source\AR
M\startup_gd32f470.s
   Uses
      At line 75 in file ..\..\..\Library\Firmware\CMSIS\GD\GD32F4xx\Source\ARM
\startup_gd32f470.s
      At line 214 in file ..\..\..\Library\Firmware\CMSIS\GD\GD32F4xx\Source\AR
M\startup_gd32f470.s

CAN0_EWMC_IRQHandler 0000001A

Symbol: CAN0_EWMC_IRQHandler
   Definitions
      At line 357 in file ..\..\..\Library\Firmware\CMSIS\GD\GD32F4xx\Source\AR
M\startup_gd32f470.s
   Uses
      At line 110 in file ..\..\..\Library\Firmware\CMSIS\GD\GD32F4xx\Source\AR
M\startup_gd32f470.s
      At line 266 in file ..\..\..\Library\Firmware\CMSIS\GD\GD32F4xx\Source\AR
M\startup_gd32f470.s

CAN0_RX0_IRQHandler 0000001A

Symbol: CAN0_RX0_IRQHandler
   Definitions
      At line 355 in file ..\..\..\Library\Firmware\CMSIS\GD\GD32F4xx\Source\AR
M\startup_gd32f470.s
   Uses
      At line 108 in file ..\..\..\Library\Firmware\CMSIS\GD\GD32F4xx\Source\AR
M\startup_gd32f470.s
      At line 264 in file ..\..\..\Library\Firmware\CMSIS\GD\GD32F4xx\Source\AR
M\startup_gd32f470.s

CAN0_RX1_IRQHandler 0000001A




ARM Macro Assembler    Page 2 Alphabetic symbol ordering
Relocatable symbols

Symbol: CAN0_RX1_IRQHandler
   Definitions
      At line 356 in file ..\..\..\Library\Firmware\CMSIS\GD\GD32F4xx\Source\AR
M\startup_gd32f470.s
   Uses
      At line 109 in file ..\..\..\Library\Firmware\CMSIS\GD\GD32F4xx\Source\AR
M\startup_gd32f470.s
      At line 265 in file ..\..\..\Library\Firmware\CMSIS\GD\GD32F4xx\Source\AR
M\startup_gd32f470.s

CAN0_TX_IRQHandler 0000001A

Symbol: CAN0_TX_IRQHandler
   Definitions
      At line 354 in file ..\..\..\Library\Firmware\CMSIS\GD\GD32F4xx\Source\AR
M\startup_gd32f470.s
   Uses
      At line 107 in file ..\..\..\Library\Firmware\CMSIS\GD\GD32F4xx\Source\AR
M\startup_gd32f470.s
      At line 263 in file ..\..\..\Library\Firmware\CMSIS\GD\GD32F4xx\Source\AR
M\startup_gd32f470.s

CAN1_EWMC_IRQHandler 0000001A

Symbol: CAN1_EWMC_IRQHandler
   Definitions
      At line 401 in file ..\..\..\Library\Firmware\CMSIS\GD\GD32F4xx\Source\AR
M\startup_gd32f470.s
   Uses
      At line 154 in file ..\..\..\Library\Firmware\CMSIS\GD\GD32F4xx\Source\AR
M\startup_gd32f470.s
      At line 310 in file ..\..\..\Library\Firmware\CMSIS\GD\GD32F4xx\Source\AR
M\startup_gd32f470.s

CAN1_RX0_IRQHandler 0000001A

Symbol: CAN1_RX0_IRQHandler
   Definitions
      At line 399 in file ..\..\..\Library\Firmware\CMSIS\GD\GD32F4xx\Source\AR
M\startup_gd32f470.s
   Uses
      At line 152 in file ..\..\..\Library\Firmware\CMSIS\GD\GD32F4xx\Source\AR
M\startup_gd32f470.s
      At line 308 in file ..\..\..\Library\Firmware\CMSIS\GD\GD32F4xx\Source\AR
M\startup_gd32f470.s

CAN1_RX1_IRQHandler 0000001A

Symbol: CAN1_RX1_IRQHandler
   Definitions
      At line 400 in file ..\..\..\Library\Firmware\CMSIS\GD\GD32F4xx\Source\AR
M\startup_gd32f470.s
   Uses
      At line 153 in file ..\..\..\Library\Firmware\CMSIS\GD\GD32F4xx\Source\AR
M\startup_gd32f470.s
      At line 309 in file ..\..\..\Library\Firmware\CMSIS\GD\GD32F4xx\Source\AR
M\startup_gd32f470.s

CAN1_TX_IRQHandler 0000001A



ARM Macro Assembler    Page 3 Alphabetic symbol ordering
Relocatable symbols


Symbol: CAN1_TX_IRQHandler
   Definitions
      At line 398 in file ..\..\..\Library\Firmware\CMSIS\GD\GD32F4xx\Source\AR
M\startup_gd32f470.s
   Uses
      At line 151 in file ..\..\..\Library\Firmware\CMSIS\GD\GD32F4xx\Source\AR
M\startup_gd32f470.s
      At line 307 in file ..\..\..\Library\Firmware\CMSIS\GD\GD32F4xx\Source\AR
M\startup_gd32f470.s

DCI_IRQHandler 0000001A

Symbol: DCI_IRQHandler
   Definitions
      At line 413 in file ..\..\..\Library\Firmware\CMSIS\GD\GD32F4xx\Source\AR
M\startup_gd32f470.s
   Uses
      At line 166 in file ..\..\..\Library\Firmware\CMSIS\GD\GD32F4xx\Source\AR
M\startup_gd32f470.s
      At line 322 in file ..\..\..\Library\Firmware\CMSIS\GD\GD32F4xx\Source\AR
M\startup_gd32f470.s

DMA0_Channel0_IRQHandler 0000001A

Symbol: DMA0_Channel0_IRQHandler
   Definitions
      At line 346 in file ..\..\..\Library\Firmware\CMSIS\GD\GD32F4xx\Source\AR
M\startup_gd32f470.s
   Uses
      At line 99 in file ..\..\..\Library\Firmware\CMSIS\GD\GD32F4xx\Source\ARM
\startup_gd32f470.s
      At line 255 in file ..\..\..\Library\Firmware\CMSIS\GD\GD32F4xx\Source\AR
M\startup_gd32f470.s

DMA0_Channel1_IRQHandler 0000001A

Symbol: DMA0_Channel1_IRQHandler
   Definitions
      At line 347 in file ..\..\..\Library\Firmware\CMSIS\GD\GD32F4xx\Source\AR
M\startup_gd32f470.s
   Uses
      At line 100 in file ..\..\..\Library\Firmware\CMSIS\GD\GD32F4xx\Source\AR
M\startup_gd32f470.s
      At line 256 in file ..\..\..\Library\Firmware\CMSIS\GD\GD32F4xx\Source\AR
M\startup_gd32f470.s

DMA0_Channel2_IRQHandler 0000001A

Symbol: DMA0_Channel2_IRQHandler
   Definitions
      At line 348 in file ..\..\..\Library\Firmware\CMSIS\GD\GD32F4xx\Source\AR
M\startup_gd32f470.s
   Uses
      At line 101 in file ..\..\..\Library\Firmware\CMSIS\GD\GD32F4xx\Source\AR
M\startup_gd32f470.s
      At line 257 in file ..\..\..\Library\Firmware\CMSIS\GD\GD32F4xx\Source\AR
M\startup_gd32f470.s




ARM Macro Assembler    Page 4 Alphabetic symbol ordering
Relocatable symbols

DMA0_Channel3_IRQHandler 0000001A

Symbol: DMA0_Channel3_IRQHandler
   Definitions
      At line 349 in file ..\..\..\Library\Firmware\CMSIS\GD\GD32F4xx\Source\AR
M\startup_gd32f470.s
   Uses
      At line 102 in file ..\..\..\Library\Firmware\CMSIS\GD\GD32F4xx\Source\AR
M\startup_gd32f470.s
      At line 258 in file ..\..\..\Library\Firmware\CMSIS\GD\GD32F4xx\Source\AR
M\startup_gd32f470.s

DMA0_Channel4_IRQHandler 0000001A

Symbol: DMA0_Channel4_IRQHandler
   Definitions
      At line 350 in file ..\..\..\Library\Firmware\CMSIS\GD\GD32F4xx\Source\AR
M\startup_gd32f470.s
   Uses
      At line 103 in file ..\..\..\Library\Firmware\CMSIS\GD\GD32F4xx\Source\AR
M\startup_gd32f470.s
      At line 259 in file ..\..\..\Library\Firmware\CMSIS\GD\GD32F4xx\Source\AR
M\startup_gd32f470.s

DMA0_Channel5_IRQHandler 0000001A

Symbol: DMA0_Channel5_IRQHandler
   Definitions
      At line 351 in file ..\..\..\Library\Firmware\CMSIS\GD\GD32F4xx\Source\AR
M\startup_gd32f470.s
   Uses
      At line 104 in file ..\..\..\Library\Firmware\CMSIS\GD\GD32F4xx\Source\AR
M\startup_gd32f470.s
      At line 260 in file ..\..\..\Library\Firmware\CMSIS\GD\GD32F4xx\Source\AR
M\startup_gd32f470.s

DMA0_Channel6_IRQHandler 0000001A

Symbol: DMA0_Channel6_IRQHandler
   Definitions
      At line 352 in file ..\..\..\Library\Firmware\CMSIS\GD\GD32F4xx\Source\AR
M\startup_gd32f470.s
   Uses
      At line 105 in file ..\..\..\Library\Firmware\CMSIS\GD\GD32F4xx\Source\AR
M\startup_gd32f470.s
      At line 261 in file ..\..\..\Library\Firmware\CMSIS\GD\GD32F4xx\Source\AR
M\startup_gd32f470.s

DMA0_Channel7_IRQHandler 0000001A

Symbol: DMA0_Channel7_IRQHandler
   Definitions
      At line 382 in file ..\..\..\Library\Firmware\CMSIS\GD\GD32F4xx\Source\AR
M\startup_gd32f470.s
   Uses
      At line 135 in file ..\..\..\Library\Firmware\CMSIS\GD\GD32F4xx\Source\AR
M\startup_gd32f470.s
      At line 291 in file ..\..\..\Library\Firmware\CMSIS\GD\GD32F4xx\Source\AR
M\startup_gd32f470.s



ARM Macro Assembler    Page 5 Alphabetic symbol ordering
Relocatable symbols


DMA1_Channel0_IRQHandler 0000001A

Symbol: DMA1_Channel0_IRQHandler
   Definitions
      At line 391 in file ..\..\..\Library\Firmware\CMSIS\GD\GD32F4xx\Source\AR
M\startup_gd32f470.s
   Uses
      At line 144 in file ..\..\..\Library\Firmware\CMSIS\GD\GD32F4xx\Source\AR
M\startup_gd32f470.s
      At line 300 in file ..\..\..\Library\Firmware\CMSIS\GD\GD32F4xx\Source\AR
M\startup_gd32f470.s

DMA1_Channel1_IRQHandler 0000001A

Symbol: DMA1_Channel1_IRQHandler
   Definitions
      At line 392 in file ..\..\..\Library\Firmware\CMSIS\GD\GD32F4xx\Source\AR
M\startup_gd32f470.s
   Uses
      At line 145 in file ..\..\..\Library\Firmware\CMSIS\GD\GD32F4xx\Source\AR
M\startup_gd32f470.s
      At line 301 in file ..\..\..\Library\Firmware\CMSIS\GD\GD32F4xx\Source\AR
M\startup_gd32f470.s

DMA1_Channel2_IRQHandler 0000001A

Symbol: DMA1_Channel2_IRQHandler
   Definitions
      At line 393 in file ..\..\..\Library\Firmware\CMSIS\GD\GD32F4xx\Source\AR
M\startup_gd32f470.s
   Uses
      At line 146 in file ..\..\..\Library\Firmware\CMSIS\GD\GD32F4xx\Source\AR
M\startup_gd32f470.s
      At line 302 in file ..\..\..\Library\Firmware\CMSIS\GD\GD32F4xx\Source\AR
M\startup_gd32f470.s

DMA1_Channel3_IRQHandler 0000001A

Symbol: DMA1_Channel3_IRQHandler
   Definitions
      At line 394 in file ..\..\..\Library\Firmware\CMSIS\GD\GD32F4xx\Source\AR
M\startup_gd32f470.s
   Uses
      At line 147 in file ..\..\..\Library\Firmware\CMSIS\GD\GD32F4xx\Source\AR
M\startup_gd32f470.s
      At line 303 in file ..\..\..\Library\Firmware\CMSIS\GD\GD32F4xx\Source\AR
M\startup_gd32f470.s

DMA1_Channel4_IRQHandler 0000001A

Symbol: DMA1_Channel4_IRQHandler
   Definitions
      At line 395 in file ..\..\..\Library\Firmware\CMSIS\GD\GD32F4xx\Source\AR
M\startup_gd32f470.s
   Uses
      At line 148 in file ..\..\..\Library\Firmware\CMSIS\GD\GD32F4xx\Source\AR
M\startup_gd32f470.s
      At line 304 in file ..\..\..\Library\Firmware\CMSIS\GD\GD32F4xx\Source\AR



ARM Macro Assembler    Page 6 Alphabetic symbol ordering
Relocatable symbols

M\startup_gd32f470.s

DMA1_Channel5_IRQHandler 0000001A

Symbol: DMA1_Channel5_IRQHandler
   Definitions
      At line 403 in file ..\..\..\Library\Firmware\CMSIS\GD\GD32F4xx\Source\AR
M\startup_gd32f470.s
   Uses
      At line 156 in file ..\..\..\Library\Firmware\CMSIS\GD\GD32F4xx\Source\AR
M\startup_gd32f470.s
      At line 312 in file ..\..\..\Library\Firmware\CMSIS\GD\GD32F4xx\Source\AR
M\startup_gd32f470.s

DMA1_Channel6_IRQHandler 0000001A

Symbol: DMA1_Channel6_IRQHandler
   Definitions
      At line 404 in file ..\..\..\Library\Firmware\CMSIS\GD\GD32F4xx\Source\AR
M\startup_gd32f470.s
   Uses
      At line 157 in file ..\..\..\Library\Firmware\CMSIS\GD\GD32F4xx\Source\AR
M\startup_gd32f470.s
      At line 313 in file ..\..\..\Library\Firmware\CMSIS\GD\GD32F4xx\Source\AR
M\startup_gd32f470.s

DMA1_Channel7_IRQHandler 0000001A

Symbol: DMA1_Channel7_IRQHandler
   Definitions
      At line 405 in file ..\..\..\Library\Firmware\CMSIS\GD\GD32F4xx\Source\AR
M\startup_gd32f470.s
   Uses
      At line 158 in file ..\..\..\Library\Firmware\CMSIS\GD\GD32F4xx\Source\AR
M\startup_gd32f470.s
      At line 314 in file ..\..\..\Library\Firmware\CMSIS\GD\GD32F4xx\Source\AR
M\startup_gd32f470.s

DebugMon_Handler 00000014

Symbol: DebugMon_Handler
   Definitions
      At line 227 in file ..\..\..\Library\Firmware\CMSIS\GD\GD32F4xx\Source\AR
M\startup_gd32f470.s
   Uses
      At line 82 in file ..\..\..\Library\Firmware\CMSIS\GD\GD32F4xx\Source\ARM
\startup_gd32f470.s
      At line 228 in file ..\..\..\Library\Firmware\CMSIS\GD\GD32F4xx\Source\AR
M\startup_gd32f470.s

Default_Handler 0000001A

Symbol: Default_Handler
   Definitions
      At line 242 in file ..\..\..\Library\Firmware\CMSIS\GD\GD32F4xx\Source\AR
M\startup_gd32f470.s
   Uses
      None
Comment: Default_Handler unused



ARM Macro Assembler    Page 7 Alphabetic symbol ordering
Relocatable symbols

ENET_IRQHandler 0000001A

Symbol: ENET_IRQHandler
   Definitions
      At line 396 in file ..\..\..\Library\Firmware\CMSIS\GD\GD32F4xx\Source\AR
M\startup_gd32f470.s
   Uses
      At line 149 in file ..\..\..\Library\Firmware\CMSIS\GD\GD32F4xx\Source\AR
M\startup_gd32f470.s
      At line 305 in file ..\..\..\Library\Firmware\CMSIS\GD\GD32F4xx\Source\AR
M\startup_gd32f470.s

ENET_WKUP_IRQHandler 0000001A

Symbol: ENET_WKUP_IRQHandler
   Definitions
      At line 397 in file ..\..\..\Library\Firmware\CMSIS\GD\GD32F4xx\Source\AR
M\startup_gd32f470.s
   Uses
      At line 150 in file ..\..\..\Library\Firmware\CMSIS\GD\GD32F4xx\Source\AR
M\startup_gd32f470.s
      At line 306 in file ..\..\..\Library\Firmware\CMSIS\GD\GD32F4xx\Source\AR
M\startup_gd32f470.s

EXMC_IRQHandler 0000001A

Symbol: EXMC_IRQHandler
   Definitions
      At line 383 in file ..\..\..\Library\Firmware\CMSIS\GD\GD32F4xx\Source\AR
M\startup_gd32f470.s
   Uses
      At line 136 in file ..\..\..\Library\Firmware\CMSIS\GD\GD32F4xx\Source\AR
M\startup_gd32f470.s
      At line 292 in file ..\..\..\Library\Firmware\CMSIS\GD\GD32F4xx\Source\AR
M\startup_gd32f470.s

EXTI0_IRQHandler 0000001A

Symbol: EXTI0_IRQHandler
   Definitions
      At line 341 in file ..\..\..\Library\Firmware\CMSIS\GD\GD32F4xx\Source\AR
M\startup_gd32f470.s
   Uses
      At line 94 in file ..\..\..\Library\Firmware\CMSIS\GD\GD32F4xx\Source\ARM
\startup_gd32f470.s
      At line 250 in file ..\..\..\Library\Firmware\CMSIS\GD\GD32F4xx\Source\AR
M\startup_gd32f470.s

EXTI10_15_IRQHandler 0000001A

Symbol: EXTI10_15_IRQHandler
   Definitions
      At line 375 in file ..\..\..\Library\Firmware\CMSIS\GD\GD32F4xx\Source\AR
M\startup_gd32f470.s
   Uses
      At line 128 in file ..\..\..\Library\Firmware\CMSIS\GD\GD32F4xx\Source\AR
M\startup_gd32f470.s
      At line 284 in file ..\..\..\Library\Firmware\CMSIS\GD\GD32F4xx\Source\AR
M\startup_gd32f470.s



ARM Macro Assembler    Page 8 Alphabetic symbol ordering
Relocatable symbols


EXTI1_IRQHandler 0000001A

Symbol: EXTI1_IRQHandler
   Definitions
      At line 342 in file ..\..\..\Library\Firmware\CMSIS\GD\GD32F4xx\Source\AR
M\startup_gd32f470.s
   Uses
      At line 95 in file ..\..\..\Library\Firmware\CMSIS\GD\GD32F4xx\Source\ARM
\startup_gd32f470.s
      At line 251 in file ..\..\..\Library\Firmware\CMSIS\GD\GD32F4xx\Source\AR
M\startup_gd32f470.s

EXTI2_IRQHandler 0000001A

Symbol: EXTI2_IRQHandler
   Definitions
      At line 343 in file ..\..\..\Library\Firmware\CMSIS\GD\GD32F4xx\Source\AR
M\startup_gd32f470.s
   Uses
      At line 96 in file ..\..\..\Library\Firmware\CMSIS\GD\GD32F4xx\Source\ARM
\startup_gd32f470.s
      At line 252 in file ..\..\..\Library\Firmware\CMSIS\GD\GD32F4xx\Source\AR
M\startup_gd32f470.s

EXTI3_IRQHandler 0000001A

Symbol: EXTI3_IRQHandler
   Definitions
      At line 344 in file ..\..\..\Library\Firmware\CMSIS\GD\GD32F4xx\Source\AR
M\startup_gd32f470.s
   Uses
      At line 97 in file ..\..\..\Library\Firmware\CMSIS\GD\GD32F4xx\Source\ARM
\startup_gd32f470.s
      At line 253 in file ..\..\..\Library\Firmware\CMSIS\GD\GD32F4xx\Source\AR
M\startup_gd32f470.s

EXTI4_IRQHandler 0000001A

Symbol: EXTI4_IRQHandler
   Definitions
      At line 345 in file ..\..\..\Library\Firmware\CMSIS\GD\GD32F4xx\Source\AR
M\startup_gd32f470.s
   Uses
      At line 98 in file ..\..\..\Library\Firmware\CMSIS\GD\GD32F4xx\Source\ARM
\startup_gd32f470.s
      At line 254 in file ..\..\..\Library\Firmware\CMSIS\GD\GD32F4xx\Source\AR
M\startup_gd32f470.s

EXTI5_9_IRQHandler 0000001A

Symbol: EXTI5_9_IRQHandler
   Definitions
      At line 358 in file ..\..\..\Library\Firmware\CMSIS\GD\GD32F4xx\Source\AR
M\startup_gd32f470.s
   Uses
      At line 111 in file ..\..\..\Library\Firmware\CMSIS\GD\GD32F4xx\Source\AR
M\startup_gd32f470.s
      At line 267 in file ..\..\..\Library\Firmware\CMSIS\GD\GD32F4xx\Source\AR



ARM Macro Assembler    Page 9 Alphabetic symbol ordering
Relocatable symbols

M\startup_gd32f470.s

FMC_IRQHandler 0000001A

Symbol: FMC_IRQHandler
   Definitions
      At line 339 in file ..\..\..\Library\Firmware\CMSIS\GD\GD32F4xx\Source\AR
M\startup_gd32f470.s
   Uses
      At line 92 in file ..\..\..\Library\Firmware\CMSIS\GD\GD32F4xx\Source\ARM
\startup_gd32f470.s
      At line 248 in file ..\..\..\Library\Firmware\CMSIS\GD\GD32F4xx\Source\AR
M\startup_gd32f470.s

FPU_IRQHandler 0000001A

Symbol: FPU_IRQHandler
   Definitions
      At line 415 in file ..\..\..\Library\Firmware\CMSIS\GD\GD32F4xx\Source\AR
M\startup_gd32f470.s
   Uses
      At line 169 in file ..\..\..\Library\Firmware\CMSIS\GD\GD32F4xx\Source\AR
M\startup_gd32f470.s
      At line 324 in file ..\..\..\Library\Firmware\CMSIS\GD\GD32F4xx\Source\AR
M\startup_gd32f470.s

HardFault_Handler 0000000A

Symbol: HardFault_Handler
   Definitions
      At line 203 in file ..\..\..\Library\Firmware\CMSIS\GD\GD32F4xx\Source\AR
M\startup_gd32f470.s
   Uses
      At line 73 in file ..\..\..\Library\Firmware\CMSIS\GD\GD32F4xx\Source\ARM
\startup_gd32f470.s
      At line 204 in file ..\..\..\Library\Firmware\CMSIS\GD\GD32F4xx\Source\AR
M\startup_gd32f470.s

I2C0_ER_IRQHandler 0000001A

Symbol: I2C0_ER_IRQHandler
   Definitions
      At line 367 in file ..\..\..\Library\Firmware\CMSIS\GD\GD32F4xx\Source\AR
M\startup_gd32f470.s
   Uses
      At line 120 in file ..\..\..\Library\Firmware\CMSIS\GD\GD32F4xx\Source\AR
M\startup_gd32f470.s
      At line 276 in file ..\..\..\Library\Firmware\CMSIS\GD\GD32F4xx\Source\AR
M\startup_gd32f470.s

I2C0_EV_IRQHandler 0000001A

Symbol: I2C0_EV_IRQHandler
   Definitions
      At line 366 in file ..\..\..\Library\Firmware\CMSIS\GD\GD32F4xx\Source\AR
M\startup_gd32f470.s
   Uses
      At line 119 in file ..\..\..\Library\Firmware\CMSIS\GD\GD32F4xx\Source\AR
M\startup_gd32f470.s



ARM Macro Assembler    Page 10 Alphabetic symbol ordering
Relocatable symbols

      At line 275 in file ..\..\..\Library\Firmware\CMSIS\GD\GD32F4xx\Source\AR
M\startup_gd32f470.s

I2C1_ER_IRQHandler 0000001A

Symbol: I2C1_ER_IRQHandler
   Definitions
      At line 369 in file ..\..\..\Library\Firmware\CMSIS\GD\GD32F4xx\Source\AR
M\startup_gd32f470.s
   Uses
      At line 122 in file ..\..\..\Library\Firmware\CMSIS\GD\GD32F4xx\Source\AR
M\startup_gd32f470.s
      At line 278 in file ..\..\..\Library\Firmware\CMSIS\GD\GD32F4xx\Source\AR
M\startup_gd32f470.s

I2C1_EV_IRQHandler 0000001A

Symbol: I2C1_EV_IRQHandler
   Definitions
      At line 368 in file ..\..\..\Library\Firmware\CMSIS\GD\GD32F4xx\Source\AR
M\startup_gd32f470.s
   Uses
      At line 121 in file ..\..\..\Library\Firmware\CMSIS\GD\GD32F4xx\Source\AR
M\startup_gd32f470.s
      At line 277 in file ..\..\..\Library\Firmware\CMSIS\GD\GD32F4xx\Source\AR
M\startup_gd32f470.s

I2C2_ER_IRQHandler 0000001A

Symbol: I2C2_ER_IRQHandler
   Definitions
      At line 408 in file ..\..\..\Library\Firmware\CMSIS\GD\GD32F4xx\Source\AR
M\startup_gd32f470.s
   Uses
      At line 161 in file ..\..\..\Library\Firmware\CMSIS\GD\GD32F4xx\Source\AR
M\startup_gd32f470.s
      At line 317 in file ..\..\..\Library\Firmware\CMSIS\GD\GD32F4xx\Source\AR
M\startup_gd32f470.s

I2C2_EV_IRQHandler 0000001A

Symbol: I2C2_EV_IRQHandler
   Definitions
      At line 407 in file ..\..\..\Library\Firmware\CMSIS\GD\GD32F4xx\Source\AR
M\startup_gd32f470.s
   Uses
      At line 160 in file ..\..\..\Library\Firmware\CMSIS\GD\GD32F4xx\Source\AR
M\startup_gd32f470.s
      At line 316 in file ..\..\..\Library\Firmware\CMSIS\GD\GD32F4xx\Source\AR
M\startup_gd32f470.s

IPA_IRQHandler 0000001A

Symbol: IPA_IRQHandler
   Definitions
      At line 423 in file ..\..\..\Library\Firmware\CMSIS\GD\GD32F4xx\Source\AR
M\startup_gd32f470.s
   Uses
      At line 178 in file ..\..\..\Library\Firmware\CMSIS\GD\GD32F4xx\Source\AR



ARM Macro Assembler    Page 11 Alphabetic symbol ordering
Relocatable symbols

M\startup_gd32f470.s
      At line 332 in file ..\..\..\Library\Firmware\CMSIS\GD\GD32F4xx\Source\AR
M\startup_gd32f470.s

LVD_IRQHandler 0000001A

Symbol: LVD_IRQHandler
   Definitions
      At line 336 in file ..\..\..\Library\Firmware\CMSIS\GD\GD32F4xx\Source\AR
M\startup_gd32f470.s
   Uses
      At line 89 in file ..\..\..\Library\Firmware\CMSIS\GD\GD32F4xx\Source\ARM
\startup_gd32f470.s
      At line 245 in file ..\..\..\Library\Firmware\CMSIS\GD\GD32F4xx\Source\AR
M\startup_gd32f470.s

MemManage_Handler 0000000C

Symbol: MemManage_Handler
   Definitions
      At line 208 in file ..\..\..\Library\Firmware\CMSIS\GD\GD32F4xx\Source\AR
M\startup_gd32f470.s
   Uses
      At line 74 in file ..\..\..\Library\Firmware\CMSIS\GD\GD32F4xx\Source\ARM
\startup_gd32f470.s
      At line 209 in file ..\..\..\Library\Firmware\CMSIS\GD\GD32F4xx\Source\AR
M\startup_gd32f470.s

NMI_Handler 00000008

Symbol: NMI_Handler
   Definitions
      At line 198 in file ..\..\..\Library\Firmware\CMSIS\GD\GD32F4xx\Source\AR
M\startup_gd32f470.s
   Uses
      At line 72 in file ..\..\..\Library\Firmware\CMSIS\GD\GD32F4xx\Source\ARM
\startup_gd32f470.s
      At line 199 in file ..\..\..\Library\Firmware\CMSIS\GD\GD32F4xx\Source\AR
M\startup_gd32f470.s

PendSV_Handler 00000016

Symbol: PendSV_Handler
   Definitions
      At line 232 in file ..\..\..\Library\Firmware\CMSIS\GD\GD32F4xx\Source\AR
M\startup_gd32f470.s
   Uses
      At line 84 in file ..\..\..\Library\Firmware\CMSIS\GD\GD32F4xx\Source\ARM
\startup_gd32f470.s
      At line 233 in file ..\..\..\Library\Firmware\CMSIS\GD\GD32F4xx\Source\AR
M\startup_gd32f470.s

RCU_CTC_IRQHandler 0000001A

Symbol: RCU_CTC_IRQHandler
   Definitions
      At line 340 in file ..\..\..\Library\Firmware\CMSIS\GD\GD32F4xx\Source\AR
M\startup_gd32f470.s
   Uses



ARM Macro Assembler    Page 12 Alphabetic symbol ordering
Relocatable symbols

      At line 93 in file ..\..\..\Library\Firmware\CMSIS\GD\GD32F4xx\Source\ARM
\startup_gd32f470.s
      At line 249 in file ..\..\..\Library\Firmware\CMSIS\GD\GD32F4xx\Source\AR
M\startup_gd32f470.s

RTC_Alarm_IRQHandler 0000001A

Symbol: RTC_Alarm_IRQHandler
   Definitions
      At line 376 in file ..\..\..\Library\Firmware\CMSIS\GD\GD32F4xx\Source\AR
M\startup_gd32f470.s
   Uses
      At line 129 in file ..\..\..\Library\Firmware\CMSIS\GD\GD32F4xx\Source\AR
M\startup_gd32f470.s
      At line 285 in file ..\..\..\Library\Firmware\CMSIS\GD\GD32F4xx\Source\AR
M\startup_gd32f470.s

RTC_WKUP_IRQHandler 0000001A

Symbol: RTC_WKUP_IRQHandler
   Definitions
      At line 338 in file ..\..\..\Library\Firmware\CMSIS\GD\GD32F4xx\Source\AR
M\startup_gd32f470.s
   Uses
      At line 91 in file ..\..\..\Library\Firmware\CMSIS\GD\GD32F4xx\Source\ARM
\startup_gd32f470.s
      At line 247 in file ..\..\..\Library\Firmware\CMSIS\GD\GD32F4xx\Source\AR
M\startup_gd32f470.s

Reset_Handler 00000000

Symbol: Reset_Handler
   Definitions
      At line 187 in file ..\..\..\Library\Firmware\CMSIS\GD\GD32F4xx\Source\AR
M\startup_gd32f470.s
   Uses
      At line 71 in file ..\..\..\Library\Firmware\CMSIS\GD\GD32F4xx\Source\ARM
\startup_gd32f470.s
      At line 188 in file ..\..\..\Library\Firmware\CMSIS\GD\GD32F4xx\Source\AR
M\startup_gd32f470.s

SDIO_IRQHandler 0000001A

Symbol: SDIO_IRQHandler
   Definitions
      At line 384 in file ..\..\..\Library\Firmware\CMSIS\GD\GD32F4xx\Source\AR
M\startup_gd32f470.s
   Uses
      At line 137 in file ..\..\..\Library\Firmware\CMSIS\GD\GD32F4xx\Source\AR
M\startup_gd32f470.s
      At line 293 in file ..\..\..\Library\Firmware\CMSIS\GD\GD32F4xx\Source\AR
M\startup_gd32f470.s

SPI0_IRQHandler 0000001A

Symbol: SPI0_IRQHandler
   Definitions
      At line 370 in file ..\..\..\Library\Firmware\CMSIS\GD\GD32F4xx\Source\AR
M\startup_gd32f470.s



ARM Macro Assembler    Page 13 Alphabetic symbol ordering
Relocatable symbols

   Uses
      At line 123 in file ..\..\..\Library\Firmware\CMSIS\GD\GD32F4xx\Source\AR
M\startup_gd32f470.s
      At line 279 in file ..\..\..\Library\Firmware\CMSIS\GD\GD32F4xx\Source\AR
M\startup_gd32f470.s

SPI1_IRQHandler 0000001A

Symbol: SPI1_IRQHandler
   Definitions
      At line 371 in file ..\..\..\Library\Firmware\CMSIS\GD\GD32F4xx\Source\AR
M\startup_gd32f470.s
   Uses
      At line 124 in file ..\..\..\Library\Firmware\CMSIS\GD\GD32F4xx\Source\AR
M\startup_gd32f470.s
      At line 280 in file ..\..\..\Library\Firmware\CMSIS\GD\GD32F4xx\Source\AR
M\startup_gd32f470.s

SPI2_IRQHandler 0000001A

Symbol: SPI2_IRQHandler
   Definitions
      At line 386 in file ..\..\..\Library\Firmware\CMSIS\GD\GD32F4xx\Source\AR
M\startup_gd32f470.s
   Uses
      At line 139 in file ..\..\..\Library\Firmware\CMSIS\GD\GD32F4xx\Source\AR
M\startup_gd32f470.s
      At line 295 in file ..\..\..\Library\Firmware\CMSIS\GD\GD32F4xx\Source\AR
M\startup_gd32f470.s

SPI3_IRQHandler 0000001A

Symbol: SPI3_IRQHandler
   Definitions
      At line 418 in file ..\..\..\Library\Firmware\CMSIS\GD\GD32F4xx\Source\AR
M\startup_gd32f470.s
   Uses
      At line 172 in file ..\..\..\Library\Firmware\CMSIS\GD\GD32F4xx\Source\AR
M\startup_gd32f470.s
      At line 327 in file ..\..\..\Library\Firmware\CMSIS\GD\GD32F4xx\Source\AR
M\startup_gd32f470.s

SPI4_IRQHandler 0000001A

Symbol: SPI4_IRQHandler
   Definitions
      At line 419 in file ..\..\..\Library\Firmware\CMSIS\GD\GD32F4xx\Source\AR
M\startup_gd32f470.s
   Uses
      At line 173 in file ..\..\..\Library\Firmware\CMSIS\GD\GD32F4xx\Source\AR
M\startup_gd32f470.s
      At line 328 in file ..\..\..\Library\Firmware\CMSIS\GD\GD32F4xx\Source\AR
M\startup_gd32f470.s

SPI5_IRQHandler 0000001A

Symbol: SPI5_IRQHandler
   Definitions
      At line 420 in file ..\..\..\Library\Firmware\CMSIS\GD\GD32F4xx\Source\AR



ARM Macro Assembler    Page 14 Alphabetic symbol ordering
Relocatable symbols

M\startup_gd32f470.s
   Uses
      At line 174 in file ..\..\..\Library\Firmware\CMSIS\GD\GD32F4xx\Source\AR
M\startup_gd32f470.s
      At line 329 in file ..\..\..\Library\Firmware\CMSIS\GD\GD32F4xx\Source\AR
M\startup_gd32f470.s

SVC_Handler 00000012

Symbol: SVC_Handler
   Definitions
      At line 222 in file ..\..\..\Library\Firmware\CMSIS\GD\GD32F4xx\Source\AR
M\startup_gd32f470.s
   Uses
      At line 81 in file ..\..\..\Library\Firmware\CMSIS\GD\GD32F4xx\Source\ARM
\startup_gd32f470.s
      At line 223 in file ..\..\..\Library\Firmware\CMSIS\GD\GD32F4xx\Source\AR
M\startup_gd32f470.s

SysTick_Handler 00000018

Symbol: SysTick_Handler
   Definitions
      At line 237 in file ..\..\..\Library\Firmware\CMSIS\GD\GD32F4xx\Source\AR
M\startup_gd32f470.s
   Uses
      At line 85 in file ..\..\..\Library\Firmware\CMSIS\GD\GD32F4xx\Source\ARM
\startup_gd32f470.s
      At line 238 in file ..\..\..\Library\Firmware\CMSIS\GD\GD32F4xx\Source\AR
M\startup_gd32f470.s

TAMPER_STAMP_IRQHandler 0000001A

Symbol: TAMPER_STAMP_IRQHandler
   Definitions
      At line 337 in file ..\..\..\Library\Firmware\CMSIS\GD\GD32F4xx\Source\AR
M\startup_gd32f470.s
   Uses
      At line 90 in file ..\..\..\Library\Firmware\CMSIS\GD\GD32F4xx\Source\ARM
\startup_gd32f470.s
      At line 246 in file ..\..\..\Library\Firmware\CMSIS\GD\GD32F4xx\Source\AR
M\startup_gd32f470.s

TIMER0_BRK_TIMER8_IRQHandler 0000001A

Symbol: TIMER0_BRK_TIMER8_IRQHandler
   Definitions
      At line 359 in file ..\..\..\Library\Firmware\CMSIS\GD\GD32F4xx\Source\AR
M\startup_gd32f470.s
   Uses
      At line 112 in file ..\..\..\Library\Firmware\CMSIS\GD\GD32F4xx\Source\AR
M\startup_gd32f470.s
      At line 268 in file ..\..\..\Library\Firmware\CMSIS\GD\GD32F4xx\Source\AR
M\startup_gd32f470.s

TIMER0_Channel_IRQHandler 0000001A

Symbol: TIMER0_Channel_IRQHandler
   Definitions



ARM Macro Assembler    Page 15 Alphabetic symbol ordering
Relocatable symbols

      At line 362 in file ..\..\..\Library\Firmware\CMSIS\GD\GD32F4xx\Source\AR
M\startup_gd32f470.s
   Uses
      At line 115 in file ..\..\..\Library\Firmware\CMSIS\GD\GD32F4xx\Source\AR
M\startup_gd32f470.s
      At line 271 in file ..\..\..\Library\Firmware\CMSIS\GD\GD32F4xx\Source\AR
M\startup_gd32f470.s

TIMER0_TRG_CMT_TIMER10_IRQHandler 0000001A

Symbol: TIMER0_TRG_CMT_TIMER10_IRQHandler
   Definitions
      At line 361 in file ..\..\..\Library\Firmware\CMSIS\GD\GD32F4xx\Source\AR
M\startup_gd32f470.s
   Uses
      At line 114 in file ..\..\..\Library\Firmware\CMSIS\GD\GD32F4xx\Source\AR
M\startup_gd32f470.s
      At line 270 in file ..\..\..\Library\Firmware\CMSIS\GD\GD32F4xx\Source\AR
M\startup_gd32f470.s

TIMER0_UP_TIMER9_IRQHandler 0000001A

Symbol: TIMER0_UP_TIMER9_IRQHandler
   Definitions
      At line 360 in file ..\..\..\Library\Firmware\CMSIS\GD\GD32F4xx\Source\AR
M\startup_gd32f470.s
   Uses
      At line 113 in file ..\..\..\Library\Firmware\CMSIS\GD\GD32F4xx\Source\AR
M\startup_gd32f470.s
      At line 269 in file ..\..\..\Library\Firmware\CMSIS\GD\GD32F4xx\Source\AR
M\startup_gd32f470.s

TIMER1_IRQHandler 0000001A

Symbol: TIMER1_IRQHandler
   Definitions
      At line 363 in file ..\..\..\Library\Firmware\CMSIS\GD\GD32F4xx\Source\AR
M\startup_gd32f470.s
   Uses
      At line 116 in file ..\..\..\Library\Firmware\CMSIS\GD\GD32F4xx\Source\AR
M\startup_gd32f470.s
      At line 272 in file ..\..\..\Library\Firmware\CMSIS\GD\GD32F4xx\Source\AR
M\startup_gd32f470.s

TIMER2_IRQHandler 0000001A

Symbol: TIMER2_IRQHandler
   Definitions
      At line 364 in file ..\..\..\Library\Firmware\CMSIS\GD\GD32F4xx\Source\AR
M\startup_gd32f470.s
   Uses
      At line 117 in file ..\..\..\Library\Firmware\CMSIS\GD\GD32F4xx\Source\AR
M\startup_gd32f470.s
      At line 273 in file ..\..\..\Library\Firmware\CMSIS\GD\GD32F4xx\Source\AR
M\startup_gd32f470.s

TIMER3_IRQHandler 0000001A

Symbol: TIMER3_IRQHandler



ARM Macro Assembler    Page 16 Alphabetic symbol ordering
Relocatable symbols

   Definitions
      At line 365 in file ..\..\..\Library\Firmware\CMSIS\GD\GD32F4xx\Source\AR
M\startup_gd32f470.s
   Uses
      At line 118 in file ..\..\..\Library\Firmware\CMSIS\GD\GD32F4xx\Source\AR
M\startup_gd32f470.s
      At line 274 in file ..\..\..\Library\Firmware\CMSIS\GD\GD32F4xx\Source\AR
M\startup_gd32f470.s

TIMER4_IRQHandler 0000001A

Symbol: TIMER4_IRQHandler
   Definitions
      At line 385 in file ..\..\..\Library\Firmware\CMSIS\GD\GD32F4xx\Source\AR
M\startup_gd32f470.s
   Uses
      At line 138 in file ..\..\..\Library\Firmware\CMSIS\GD\GD32F4xx\Source\AR
M\startup_gd32f470.s
      At line 294 in file ..\..\..\Library\Firmware\CMSIS\GD\GD32F4xx\Source\AR
M\startup_gd32f470.s

TIMER5_DAC_IRQHandler 0000001A

Symbol: TIMER5_DAC_IRQHandler
   Definitions
      At line 389 in file ..\..\..\Library\Firmware\CMSIS\GD\GD32F4xx\Source\AR
M\startup_gd32f470.s
   Uses
      At line 142 in file ..\..\..\Library\Firmware\CMSIS\GD\GD32F4xx\Source\AR
M\startup_gd32f470.s
      At line 298 in file ..\..\..\Library\Firmware\CMSIS\GD\GD32F4xx\Source\AR
M\startup_gd32f470.s

TIMER6_IRQHandler 0000001A

Symbol: TIMER6_IRQHandler
   Definitions
      At line 390 in file ..\..\..\Library\Firmware\CMSIS\GD\GD32F4xx\Source\AR
M\startup_gd32f470.s
   Uses
      At line 143 in file ..\..\..\Library\Firmware\CMSIS\GD\GD32F4xx\Source\AR
M\startup_gd32f470.s
      At line 299 in file ..\..\..\Library\Firmware\CMSIS\GD\GD32F4xx\Source\AR
M\startup_gd32f470.s

TIMER7_BRK_TIMER11_IRQHandler 0000001A

Symbol: TIMER7_BRK_TIMER11_IRQHandler
   Definitions
      At line 378 in file ..\..\..\Library\Firmware\CMSIS\GD\GD32F4xx\Source\AR
M\startup_gd32f470.s
   Uses
      At line 131 in file ..\..\..\Library\Firmware\CMSIS\GD\GD32F4xx\Source\AR
M\startup_gd32f470.s
      At line 287 in file ..\..\..\Library\Firmware\CMSIS\GD\GD32F4xx\Source\AR
M\startup_gd32f470.s

TIMER7_Channel_IRQHandler 0000001A




ARM Macro Assembler    Page 17 Alphabetic symbol ordering
Relocatable symbols

Symbol: TIMER7_Channel_IRQHandler
   Definitions
      At line 381 in file ..\..\..\Library\Firmware\CMSIS\GD\GD32F4xx\Source\AR
M\startup_gd32f470.s
   Uses
      At line 134 in file ..\..\..\Library\Firmware\CMSIS\GD\GD32F4xx\Source\AR
M\startup_gd32f470.s
      At line 290 in file ..\..\..\Library\Firmware\CMSIS\GD\GD32F4xx\Source\AR
M\startup_gd32f470.s

TIMER7_TRG_CMT_TIMER13_IRQHandler 0000001A

Symbol: TIMER7_TRG_CMT_TIMER13_IRQHandler
   Definitions
      At line 380 in file ..\..\..\Library\Firmware\CMSIS\GD\GD32F4xx\Source\AR
M\startup_gd32f470.s
   Uses
      At line 133 in file ..\..\..\Library\Firmware\CMSIS\GD\GD32F4xx\Source\AR
M\startup_gd32f470.s
      At line 289 in file ..\..\..\Library\Firmware\CMSIS\GD\GD32F4xx\Source\AR
M\startup_gd32f470.s

TIMER7_UP_TIMER12_IRQHandler 0000001A

Symbol: TIMER7_UP_TIMER12_IRQHandler
   Definitions
      At line 379 in file ..\..\..\Library\Firmware\CMSIS\GD\GD32F4xx\Source\AR
M\startup_gd32f470.s
   Uses
      At line 132 in file ..\..\..\Library\Firmware\CMSIS\GD\GD32F4xx\Source\AR
M\startup_gd32f470.s
      At line 288 in file ..\..\..\Library\Firmware\CMSIS\GD\GD32F4xx\Source\AR
M\startup_gd32f470.s

TLI_ER_IRQHandler 0000001A

Symbol: TLI_ER_IRQHandler
   Definitions
      At line 422 in file ..\..\..\Library\Firmware\CMSIS\GD\GD32F4xx\Source\AR
M\startup_gd32f470.s
   Uses
      At line 177 in file ..\..\..\Library\Firmware\CMSIS\GD\GD32F4xx\Source\AR
M\startup_gd32f470.s
      At line 331 in file ..\..\..\Library\Firmware\CMSIS\GD\GD32F4xx\Source\AR
M\startup_gd32f470.s

TLI_IRQHandler 0000001A

Symbol: TLI_IRQHandler
   Definitions
      At line 421 in file ..\..\..\Library\Firmware\CMSIS\GD\GD32F4xx\Source\AR
M\startup_gd32f470.s
   Uses
      At line 176 in file ..\..\..\Library\Firmware\CMSIS\GD\GD32F4xx\Source\AR
M\startup_gd32f470.s
      At line 330 in file ..\..\..\Library\Firmware\CMSIS\GD\GD32F4xx\Source\AR
M\startup_gd32f470.s

TRNG_IRQHandler 0000001A



ARM Macro Assembler    Page 18 Alphabetic symbol ordering
Relocatable symbols


Symbol: TRNG_IRQHandler
   Definitions
      At line 414 in file ..\..\..\Library\Firmware\CMSIS\GD\GD32F4xx\Source\AR
M\startup_gd32f470.s
   Uses
      At line 168 in file ..\..\..\Library\Firmware\CMSIS\GD\GD32F4xx\Source\AR
M\startup_gd32f470.s
      At line 323 in file ..\..\..\Library\Firmware\CMSIS\GD\GD32F4xx\Source\AR
M\startup_gd32f470.s

UART3_IRQHandler 0000001A

Symbol: UART3_IRQHandler
   Definitions
      At line 387 in file ..\..\..\Library\Firmware\CMSIS\GD\GD32F4xx\Source\AR
M\startup_gd32f470.s
   Uses
      At line 140 in file ..\..\..\Library\Firmware\CMSIS\GD\GD32F4xx\Source\AR
M\startup_gd32f470.s
      At line 296 in file ..\..\..\Library\Firmware\CMSIS\GD\GD32F4xx\Source\AR
M\startup_gd32f470.s

UART4_IRQHandler 0000001A

Symbol: UART4_IRQHandler
   Definitions
      At line 388 in file ..\..\..\Library\Firmware\CMSIS\GD\GD32F4xx\Source\AR
M\startup_gd32f470.s
   Uses
      At line 141 in file ..\..\..\Library\Firmware\CMSIS\GD\GD32F4xx\Source\AR
M\startup_gd32f470.s
      At line 297 in file ..\..\..\Library\Firmware\CMSIS\GD\GD32F4xx\Source\AR
M\startup_gd32f470.s

UART6_IRQHandler 0000001A

Symbol: UART6_IRQHandler
   Definitions
      At line 416 in file ..\..\..\Library\Firmware\CMSIS\GD\GD32F4xx\Source\AR
M\startup_gd32f470.s
   Uses
      At line 170 in file ..\..\..\Library\Firmware\CMSIS\GD\GD32F4xx\Source\AR
M\startup_gd32f470.s
      At line 325 in file ..\..\..\Library\Firmware\CMSIS\GD\GD32F4xx\Source\AR
M\startup_gd32f470.s

UART7_IRQHandler 0000001A

Symbol: UART7_IRQHandler
   Definitions
      At line 417 in file ..\..\..\Library\Firmware\CMSIS\GD\GD32F4xx\Source\AR
M\startup_gd32f470.s
   Uses
      At line 171 in file ..\..\..\Library\Firmware\CMSIS\GD\GD32F4xx\Source\AR
M\startup_gd32f470.s
      At line 326 in file ..\..\..\Library\Firmware\CMSIS\GD\GD32F4xx\Source\AR
M\startup_gd32f470.s




ARM Macro Assembler    Page 19 Alphabetic symbol ordering
Relocatable symbols

USART0_IRQHandler 0000001A

Symbol: USART0_IRQHandler
   Definitions
      At line 372 in file ..\..\..\Library\Firmware\CMSIS\GD\GD32F4xx\Source\AR
M\startup_gd32f470.s
   Uses
      At line 125 in file ..\..\..\Library\Firmware\CMSIS\GD\GD32F4xx\Source\AR
M\startup_gd32f470.s
      At line 281 in file ..\..\..\Library\Firmware\CMSIS\GD\GD32F4xx\Source\AR
M\startup_gd32f470.s

USART1_IRQHandler 0000001A

Symbol: USART1_IRQHandler
   Definitions
      At line 373 in file ..\..\..\Library\Firmware\CMSIS\GD\GD32F4xx\Source\AR
M\startup_gd32f470.s
   Uses
      At line 126 in file ..\..\..\Library\Firmware\CMSIS\GD\GD32F4xx\Source\AR
M\startup_gd32f470.s
      At line 282 in file ..\..\..\Library\Firmware\CMSIS\GD\GD32F4xx\Source\AR
M\startup_gd32f470.s

USART2_IRQHandler 0000001A

Symbol: USART2_IRQHandler
   Definitions
      At line 374 in file ..\..\..\Library\Firmware\CMSIS\GD\GD32F4xx\Source\AR
M\startup_gd32f470.s
   Uses
      At line 127 in file ..\..\..\Library\Firmware\CMSIS\GD\GD32F4xx\Source\AR
M\startup_gd32f470.s
      At line 283 in file ..\..\..\Library\Firmware\CMSIS\GD\GD32F4xx\Source\AR
M\startup_gd32f470.s

USART5_IRQHandler 0000001A

Symbol: USART5_IRQHandler
   Definitions
      At line 406 in file ..\..\..\Library\Firmware\CMSIS\GD\GD32F4xx\Source\AR
M\startup_gd32f470.s
   Uses
      At line 159 in file ..\..\..\Library\Firmware\CMSIS\GD\GD32F4xx\Source\AR
M\startup_gd32f470.s
      At line 315 in file ..\..\..\Library\Firmware\CMSIS\GD\GD32F4xx\Source\AR
M\startup_gd32f470.s

USBFS_IRQHandler 0000001A

Symbol: USBFS_IRQHandler
   Definitions
      At line 402 in file ..\..\..\Library\Firmware\CMSIS\GD\GD32F4xx\Source\AR
M\startup_gd32f470.s
   Uses
      At line 155 in file ..\..\..\Library\Firmware\CMSIS\GD\GD32F4xx\Source\AR
M\startup_gd32f470.s
      At line 311 in file ..\..\..\Library\Firmware\CMSIS\GD\GD32F4xx\Source\AR
M\startup_gd32f470.s



ARM Macro Assembler    Page 20 Alphabetic symbol ordering
Relocatable symbols


USBFS_WKUP_IRQHandler 0000001A

Symbol: USBFS_WKUP_IRQHandler
   Definitions
      At line 377 in file ..\..\..\Library\Firmware\CMSIS\GD\GD32F4xx\Source\AR
M\startup_gd32f470.s
   Uses
      At line 130 in file ..\..\..\Library\Firmware\CMSIS\GD\GD32F4xx\Source\AR
M\startup_gd32f470.s
      At line 286 in file ..\..\..\Library\Firmware\CMSIS\GD\GD32F4xx\Source\AR
M\startup_gd32f470.s

USBHS_EP1_In_IRQHandler 0000001A

Symbol: USBHS_EP1_In_IRQHandler
   Definitions
      At line 410 in file ..\..\..\Library\Firmware\CMSIS\GD\GD32F4xx\Source\AR
M\startup_gd32f470.s
   Uses
      At line 163 in file ..\..\..\Library\Firmware\CMSIS\GD\GD32F4xx\Source\AR
M\startup_gd32f470.s
      At line 319 in file ..\..\..\Library\Firmware\CMSIS\GD\GD32F4xx\Source\AR
M\startup_gd32f470.s

USBHS_EP1_Out_IRQHandler 0000001A

Symbol: USBHS_EP1_Out_IRQHandler
   Definitions
      At line 409 in file ..\..\..\Library\Firmware\CMSIS\GD\GD32F4xx\Source\AR
M\startup_gd32f470.s
   Uses
      At line 162 in file ..\..\..\Library\Firmware\CMSIS\GD\GD32F4xx\Source\AR
M\startup_gd32f470.s
      At line 318 in file ..\..\..\Library\Firmware\CMSIS\GD\GD32F4xx\Source\AR
M\startup_gd32f470.s

USBHS_IRQHandler 0000001A

Symbol: USBHS_IRQHandler
   Definitions
      At line 412 in file ..\..\..\Library\Firmware\CMSIS\GD\GD32F4xx\Source\AR
M\startup_gd32f470.s
   Uses
      At line 165 in file ..\..\..\Library\Firmware\CMSIS\GD\GD32F4xx\Source\AR
M\startup_gd32f470.s
      At line 321 in file ..\..\..\Library\Firmware\CMSIS\GD\GD32F4xx\Source\AR
M\startup_gd32f470.s

USBHS_WKUP_IRQHandler 0000001A

Symbol: USBHS_WKUP_IRQHandler
   Definitions
      At line 411 in file ..\..\..\Library\Firmware\CMSIS\GD\GD32F4xx\Source\AR
M\startup_gd32f470.s
   Uses
      At line 164 in file ..\..\..\Library\Firmware\CMSIS\GD\GD32F4xx\Source\AR
M\startup_gd32f470.s
      At line 320 in file ..\..\..\Library\Firmware\CMSIS\GD\GD32F4xx\Source\AR



ARM Macro Assembler    Page 21 Alphabetic symbol ordering
Relocatable symbols

M\startup_gd32f470.s

UsageFault_Handler 00000010

Symbol: UsageFault_Handler
   Definitions
      At line 218 in file ..\..\..\Library\Firmware\CMSIS\GD\GD32F4xx\Source\AR
M\startup_gd32f470.s
   Uses
      At line 76 in file ..\..\..\Library\Firmware\CMSIS\GD\GD32F4xx\Source\ARM
\startup_gd32f470.s
      At line 219 in file ..\..\..\Library\Firmware\CMSIS\GD\GD32F4xx\Source\AR
M\startup_gd32f470.s

WWDGT_IRQHandler 0000001A

Symbol: WWDGT_IRQHandler
   Definitions
      At line 335 in file ..\..\..\Library\Firmware\CMSIS\GD\GD32F4xx\Source\AR
M\startup_gd32f470.s
   Uses
      At line 88 in file ..\..\..\Library\Firmware\CMSIS\GD\GD32F4xx\Source\ARM
\startup_gd32f470.s
      At line 244 in file ..\..\..\Library\Firmware\CMSIS\GD\GD32F4xx\Source\AR
M\startup_gd32f470.s

101 symbols



ARM Macro Assembler    Page 1 Alphabetic symbol ordering
Absolute symbols

Heap_Size 00000400

Symbol: Heap_Size
   Definitions
      At line 53 in file ..\..\..\Library\Firmware\CMSIS\GD\GD32F4xx\Source\ARM
\startup_gd32f470.s
   Uses
      At line 58 in file ..\..\..\Library\Firmware\CMSIS\GD\GD32F4xx\Source\ARM
\startup_gd32f470.s
Comment: Heap_Size used once
Stack_Size 00000400

Symbol: Stack_Size
   Definitions
      At line 41 in file ..\..\..\Library\Firmware\CMSIS\GD\GD32F4xx\Source\ARM
\startup_gd32f470.s
   Uses
      At line 45 in file ..\..\..\Library\Firmware\CMSIS\GD\GD32F4xx\Source\ARM
\startup_gd32f470.s
Comment: Stack_Size used once
__Vectors_Size 000001AC

Symbol: __Vectors_Size
   Definitions
      At line 182 in file ..\..\..\Library\Firmware\CMSIS\GD\GD32F4xx\Source\AR
M\startup_gd32f470.s
   Uses
      At line 68 in file ..\..\..\Library\Firmware\CMSIS\GD\GD32F4xx\Source\ARM
\startup_gd32f470.s
Comment: __Vectors_Size used once
3 symbols



ARM Macro Assembler    Page 1 Alphabetic symbol ordering
External symbols

SystemInit 00000000

Symbol: SystemInit
   Definitions
      At line 189 in file ..\..\..\Library\Firmware\CMSIS\GD\GD32F4xx\Source\AR
M\startup_gd32f470.s
   Uses
      At line 191 in file ..\..\..\Library\Firmware\CMSIS\GD\GD32F4xx\Source\AR
M\startup_gd32f470.s
Comment: SystemInit used once
__main 00000000

Symbol: __main
   Definitions
      At line 190 in file ..\..\..\Library\Firmware\CMSIS\GD\GD32F4xx\Source\AR
M\startup_gd32f470.s
   Uses
      At line 193 in file ..\..\..\Library\Firmware\CMSIS\GD\GD32F4xx\Source\AR
M\startup_gd32f470.s
Comment: __main used once
2 symbols
453 symbols in table
